Traceback (most recent call last):
  File "/opt/hostedtoolcache/Python/3.8.15/x64/lib/python3.8/site-packages/jupyter_cache/executors/utils.py", line 51, in single_nb_execution
    executenb(
  File "/opt/hostedtoolcache/Python/3.8.15/x64/lib/python3.8/site-packages/nbclient/client.py", line 1204, in execute
    return NotebookClient(nb=nb, resources=resources, km=km, **kwargs).execute()
  File "/opt/hostedtoolcache/Python/3.8.15/x64/lib/python3.8/site-packages/nbclient/util.py", line 84, in wrapped
    return just_run(coro(*args, **kwargs))
  File "/opt/hostedtoolcache/Python/3.8.15/x64/lib/python3.8/site-packages/nbclient/util.py", line 62, in just_run
    return loop.run_until_complete(coro)
  File "/opt/hostedtoolcache/Python/3.8.15/x64/lib/python3.8/asyncio/base_events.py", line 616, in run_until_complete
    return future.result()
  File "/opt/hostedtoolcache/Python/3.8.15/x64/lib/python3.8/site-packages/nbclient/client.py", line 663, in async_execute
    await self.async_execute_cell(
  File "/opt/hostedtoolcache/Python/3.8.15/x64/lib/python3.8/site-packages/nbclient/client.py", line 965, in async_execute_cell
    await self._check_raise_for_error(cell, cell_index, exec_reply)
  File "/opt/hostedtoolcache/Python/3.8.15/x64/lib/python3.8/site-packages/nbclient/client.py", line 862, in _check_raise_for_error
    raise CellExecutionError.from_cell_and_msg(cell, exec_reply_content)
nbclient.exceptions.CellExecutionError: An error occurred while executing the following cell:
------------------
# Create figure and axes
plt.rc('text', usetex=True)
plt.rc('font', family='serif')


def make_spectrum_plot(df1,df2,title,savefile=None):
    fig, ax = plt.subplots(1,figsize=(12,8))
    plt.rc('text', usetex=True)
    plt.rc('font', family='serif')

    # Call function to create error boxes
    _ = make_rerror_boxes(ax, df1, -0.4, r'xkcd:amber')
    _ = make_rerror_boxes(ax, df2, 0.4)


    labels = [ r'$\frac{1}{2}^{+}$',
               r'$\frac{3}{2}^{+}$',
               r'$\frac{5}{2}^{+}$',
               r'$\frac{7}{2}^{+}$',
               r'$\frac{9}{2}^{+}$',
               r'$\frac{11}{2}^{+}$',
               r'$\frac{13}{2}^{+}$',
               r'$\frac{15}{2}^{+}$',
              '',
               r'$\frac{1}{2}^{-}$',
               r'$\frac{3}{2}^{-}$',
               r'$\frac{5}{2}^{-}$',
               r'$\frac{7}{2}^{-}$',
               r'$\frac{9}{2}^{-}$',
               r'$\frac{11}{2}^{-}$',
               r'$\frac{13}{2}^{-}$']

    locs = np.arange(1,33,2)


    ax.set_xlim((-0.5,32.5))
    ax.set_xlabel('Spin-Parity')
    ax.set_ylim((800,3100))
    ax.set_ylabel(r'Mass (MeV/c$^2$)')

    plt.title(title,fontsize=30)
    plt.xticks(locs, labels)
    plt.plot([17,17], [800,3100], 'k--')

    # Create a Rectangle patch
    boxes = []
    boxes.append(Rectangle((11,1200),0.8,80,linewidth=1,edgecolor='none',facecolor='xkcd:amber',alpha=1.0))
    boxes.append(Rectangle((18,1200),0.8,80,linewidth=1,edgecolor='none',facecolor='xkcd:windows blue',alpha=1.0))
    boxes.append(Rectangle((11,1100),0.8,80,linewidth=1,edgecolor='none',facecolor='xkcd:amber',alpha=0.7))
    boxes.append(Rectangle((18,1100),0.8,80,linewidth=1,edgecolor='none',facecolor='xkcd:windows blue',alpha=0.7))
    boxes.append(Rectangle((11,1000),0.8,80,linewidth=1,edgecolor='none',facecolor='xkcd:amber',alpha=0.4))
    boxes.append(Rectangle((18,1000),0.8,80,linewidth=1,edgecolor='none',facecolor='xkcd:windows blue',alpha=0.4))
    boxes.append(Rectangle((11,900),0.8,80,linewidth=1,edgecolor='none',facecolor='xkcd:amber',alpha=0.1))
    boxes.append(Rectangle((18,900),0.8,80,linewidth=1,edgecolor='none',facecolor='xkcd:windows blue',alpha=0.1))

    # Add the patch to the Axes
    for b in boxes:
        ax.add_patch(b)
    

    plt.text(12, 1210, '**** 1996', fontsize=16)
    plt.text(19, 1210, '**** 2022', fontsize=16)
    plt.text(12, 1110, '***', fontsize=16)
    plt.text(19, 1110, '***', fontsize=16)
    plt.text(12, 1010, '**', fontsize=16)
    plt.text(19, 1010, '**', fontsize=16)
    plt.text(12, 910, '*', fontsize=16)
    plt.text(19, 910, '*', fontsize=16)

    if savefile:
        plt.savefig(savefile, bbox_inches='tight')
    plt.show()
    return


make_spectrum_plot(df1=nstar_1996_df,df2=nstar_2022_df,title=r'N$^{\ast}$ Resonances',savefile='figures/nstar_spectrum_year.svg')
------------------

[0;31m---------------------------------------------------------------------------[0m
[0;31mFileNotFoundError[0m                         Traceback (most recent call last)
File [0;32m/opt/hostedtoolcache/Python/3.8.15/x64/lib/python3.8/site-packages/matplotlib/texmanager.py:253[0m, in [0;36mTexManager._run_checked_subprocess[0;34m(cls, command, tex, cwd)[0m
[1;32m    252[0m [38;5;28;01mtry[39;00m:
[0;32m--> 253[0m     report [38;5;241m=[39m [43msubprocess[49m[38;5;241;43m.[39;49m[43mcheck_output[49m[43m([49m
[1;32m    254[0m [43m        [49m[43mcommand[49m[43m,[49m[43m [49m[43mcwd[49m[38;5;241;43m=[39;49m[43mcwd[49m[43m [49m[38;5;28;43;01mif[39;49;00m[43m [49m[43mcwd[49m[43m [49m[38;5;129;43;01mis[39;49;00m[43m [49m[38;5;129;43;01mnot[39;49;00m[43m [49m[38;5;28;43;01mNone[39;49;00m[43m [49m[38;5;28;43;01melse[39;49;00m[43m [49m[38;5;28;43mcls[39;49m[38;5;241;43m.[39;49m[43mtexcache[49m[43m,[49m
[1;32m    255[0m [43m        [49m[43mstderr[49m[38;5;241;43m=[39;49m[43msubprocess[49m[38;5;241;43m.[39;49m[43mSTDOUT[49m[43m)[49m
[1;32m    256[0m [38;5;28;01mexcept[39;00m [38;5;167;01mFileNotFoundError[39;00m [38;5;28;01mas[39;00m exc:

File [0;32m/opt/hostedtoolcache/Python/3.8.15/x64/lib/python3.8/subprocess.py:415[0m, in [0;36mcheck_output[0;34m(timeout, *popenargs, **kwargs)[0m
[1;32m    413[0m     kwargs[[38;5;124m'[39m[38;5;124minput[39m[38;5;124m'[39m] [38;5;241m=[39m empty
[0;32m--> 415[0m [38;5;28;01mreturn[39;00m [43mrun[49m[43m([49m[38;5;241;43m*[39;49m[43mpopenargs[49m[43m,[49m[43m [49m[43mstdout[49m[38;5;241;43m=[39;49m[43mPIPE[49m[43m,[49m[43m [49m[43mtimeout[49m[38;5;241;43m=[39;49m[43mtimeout[49m[43m,[49m[43m [49m[43mcheck[49m[38;5;241;43m=[39;49m[38;5;28;43;01mTrue[39;49;00m[43m,[49m
[1;32m    416[0m [43m           [49m[38;5;241;43m*[39;49m[38;5;241;43m*[39;49m[43mkwargs[49m[43m)[49m[38;5;241m.[39mstdout

File [0;32m/opt/hostedtoolcache/Python/3.8.15/x64/lib/python3.8/subprocess.py:493[0m, in [0;36mrun[0;34m(input, capture_output, timeout, check, *popenargs, **kwargs)[0m
[1;32m    491[0m     kwargs[[38;5;124m'[39m[38;5;124mstderr[39m[38;5;124m'[39m] [38;5;241m=[39m PIPE
[0;32m--> 493[0m [38;5;28;01mwith[39;00m [43mPopen[49m[43m([49m[38;5;241;43m*[39;49m[43mpopenargs[49m[43m,[49m[43m [49m[38;5;241;43m*[39;49m[38;5;241;43m*[39;49m[43mkwargs[49m[43m)[49m [38;5;28;01mas[39;00m process:
[1;32m    494[0m     [38;5;28;01mtry[39;00m:

File [0;32m/opt/hostedtoolcache/Python/3.8.15/x64/lib/python3.8/subprocess.py:858[0m, in [0;36mPopen.__init__[0;34m(self, args, bufsize, executable, stdin, stdout, stderr, preexec_fn, close_fds, shell, cwd, env, universal_newlines, startupinfo, creationflags, restore_signals, start_new_session, pass_fds, encoding, errors, text)[0m
[1;32m    855[0m             [38;5;28mself[39m[38;5;241m.[39mstderr [38;5;241m=[39m io[38;5;241m.[39mTextIOWrapper([38;5;28mself[39m[38;5;241m.[39mstderr,
[1;32m    856[0m                     encoding[38;5;241m=[39mencoding, errors[38;5;241m=[39merrors)
[0;32m--> 858[0m     [38;5;28;43mself[39;49m[38;5;241;43m.[39;49m[43m_execute_child[49m[43m([49m[43margs[49m[43m,[49m[43m [49m[43mexecutable[49m[43m,[49m[43m [49m[43mpreexec_fn[49m[43m,[49m[43m [49m[43mclose_fds[49m[43m,[49m
[1;32m    859[0m [43m                        [49m[43mpass_fds[49m[43m,[49m[43m [49m[43mcwd[49m[43m,[49m[43m [49m[43menv[49m[43m,[49m
[1;32m    860[0m [43m                        [49m[43mstartupinfo[49m[43m,[49m[43m [49m[43mcreationflags[49m[43m,[49m[43m [49m[43mshell[49m[43m,[49m
[1;32m    861[0m [43m                        [49m[43mp2cread[49m[43m,[49m[43m [49m[43mp2cwrite[49m[43m,[49m
[1;32m    862[0m [43m                        [49m[43mc2pread[49m[43m,[49m[43m [49m[43mc2pwrite[49m[43m,[49m
[1;32m    863[0m [43m                        [49m[43merrread[49m[43m,[49m[43m [49m[43merrwrite[49m[43m,[49m
[1;32m    864[0m [43m                        [49m[43mrestore_signals[49m[43m,[49m[43m [49m[43mstart_new_session[49m[43m)[49m
[1;32m    865[0m [38;5;28;01mexcept[39;00m:
[1;32m    866[0m     [38;5;66;03m# Cleanup if the child failed starting.[39;00m

File [0;32m/opt/hostedtoolcache/Python/3.8.15/x64/lib/python3.8/subprocess.py:1704[0m, in [0;36mPopen._execute_child[0;34m(self, args, executable, preexec_fn, close_fds, pass_fds, cwd, env, startupinfo, creationflags, shell, p2cread, p2cwrite, c2pread, c2pwrite, errread, errwrite, restore_signals, start_new_session)[0m
[1;32m   1703[0m         err_msg [38;5;241m=[39m os[38;5;241m.[39mstrerror(errno_num)
[0;32m-> 1704[0m     [38;5;28;01mraise[39;00m child_exception_type(errno_num, err_msg, err_filename)
[1;32m   1705[0m [38;5;28;01mraise[39;00m child_exception_type(err_msg)

[0;31mFileNotFoundError[0m: [Errno 2] No such file or directory: 'dvipng'

The above exception was the direct cause of the following exception:

[0;31mRuntimeError[0m                              Traceback (most recent call last)
File [0;32m/opt/hostedtoolcache/Python/3.8.15/x64/lib/python3.8/site-packages/IPython/core/formatters.py:338[0m, in [0;36mBaseFormatter.__call__[0;34m(self, obj)[0m
[1;32m    336[0m     [38;5;28;01mpass[39;00m
[1;32m    337[0m [38;5;28;01melse[39;00m:
[0;32m--> 338[0m     [38;5;28;01mreturn[39;00m [43mprinter[49m[43m([49m[43mobj[49m[43m)[49m
[1;32m    339[0m [38;5;66;03m# Finally look for special method names[39;00m
[1;32m    340[0m method [38;5;241m=[39m get_real_method(obj, [38;5;28mself[39m[38;5;241m.[39mprint_method)

File [0;32m/opt/hostedtoolcache/Python/3.8.15/x64/lib/python3.8/site-packages/IPython/core/pylabtools.py:152[0m, in [0;36mprint_figure[0;34m(fig, fmt, bbox_inches, base64, **kwargs)[0m
[1;32m    149[0m     [38;5;28;01mfrom[39;00m [38;5;21;01mmatplotlib[39;00m[38;5;21;01m.[39;00m[38;5;21;01mbackend_bases[39;00m [38;5;28;01mimport[39;00m FigureCanvasBase
[1;32m    150[0m     FigureCanvasBase(fig)
[0;32m--> 152[0m [43mfig[49m[38;5;241;43m.[39;49m[43mcanvas[49m[38;5;241;43m.[39;49m[43mprint_figure[49m[43m([49m[43mbytes_io[49m[43m,[49m[43m [49m[38;5;241;43m*[39;49m[38;5;241;43m*[39;49m[43mkw[49m[43m)[49m
[1;32m    153[0m data [38;5;241m=[39m bytes_io[38;5;241m.[39mgetvalue()
[1;32m    154[0m [38;5;28;01mif[39;00m fmt [38;5;241m==[39m [38;5;124m'[39m[38;5;124msvg[39m[38;5;124m'[39m:

File [0;32m/opt/hostedtoolcache/Python/3.8.15/x64/lib/python3.8/site-packages/matplotlib/backend_bases.py:2338[0m, in [0;36mFigureCanvasBase.print_figure[0;34m(self, filename, dpi, facecolor, edgecolor, orientation, format, bbox_inches, pad_inches, bbox_extra_artists, backend, **kwargs)[0m
[1;32m   2334[0m [38;5;28;01mtry[39;00m:
[1;32m   2335[0m     [38;5;66;03m# _get_renderer may change the figure dpi (as vector formats[39;00m
[1;32m   2336[0m     [38;5;66;03m# force the figure dpi to 72), so we need to set it again here.[39;00m
[1;32m   2337[0m     [38;5;28;01mwith[39;00m cbook[38;5;241m.[39m_setattr_cm([38;5;28mself[39m[38;5;241m.[39mfigure, dpi[38;5;241m=[39mdpi):
[0;32m-> 2338[0m         result [38;5;241m=[39m [43mprint_method[49m[43m([49m
[1;32m   2339[0m [43m            [49m[43mfilename[49m[43m,[49m
[1;32m   2340[0m [43m            [49m[43mfacecolor[49m[38;5;241;43m=[39;49m[43mfacecolor[49m[43m,[49m
[1;32m   2341[0m [43m            [49m[43medgecolor[49m[38;5;241;43m=[39;49m[43medgecolor[49m[43m,[49m
[1;32m   2342[0m [43m            [49m[43morientation[49m[38;5;241;43m=[39;49m[43morientation[49m[43m,[49m
[1;32m   2343[0m [43m            [49m[43mbbox_inches_restore[49m[38;5;241;43m=[39;49m[43m_bbox_inches_restore[49m[43m,[49m
[1;32m   2344[0m [43m            [49m[38;5;241;43m*[39;49m[38;5;241;43m*[39;49m[43mkwargs[49m[43m)[49m
[1;32m   2345[0m [38;5;28;01mfinally[39;00m:
[1;32m   2346[0m     [38;5;28;01mif[39;00m bbox_inches [38;5;129;01mand[39;00m restore_bbox:

File [0;32m/opt/hostedtoolcache/Python/3.8.15/x64/lib/python3.8/site-packages/matplotlib/backend_bases.py:2204[0m, in [0;36mFigureCanvasBase._switch_canvas_and_return_print_method.<locals>.<lambda>[0;34m(*args, **kwargs)[0m
[1;32m   2200[0m     optional_kws [38;5;241m=[39m {  [38;5;66;03m# Passed by print_figure for other renderers.[39;00m
[1;32m   2201[0m         [38;5;124m"[39m[38;5;124mdpi[39m[38;5;124m"[39m, [38;5;124m"[39m[38;5;124mfacecolor[39m[38;5;124m"[39m, [38;5;124m"[39m[38;5;124medgecolor[39m[38;5;124m"[39m, [38;5;124m"[39m[38;5;124morientation[39m[38;5;124m"[39m,
[1;32m   2202[0m         [38;5;124m"[39m[38;5;124mbbox_inches_restore[39m[38;5;124m"[39m}
[1;32m   2203[0m     skip [38;5;241m=[39m optional_kws [38;5;241m-[39m {[38;5;241m*[39minspect[38;5;241m.[39msignature(meth)[38;5;241m.[39mparameters}
[0;32m-> 2204[0m     print_method [38;5;241m=[39m functools[38;5;241m.[39mwraps(meth)([38;5;28;01mlambda[39;00m [38;5;241m*[39margs, [38;5;241m*[39m[38;5;241m*[39mkwargs: [43mmeth[49m[43m([49m
[1;32m   2205[0m [43m        [49m[38;5;241;43m*[39;49m[43margs[49m[43m,[49m[43m [49m[38;5;241;43m*[39;49m[38;5;241;43m*[39;49m[43m{[49m[43mk[49m[43m:[49m[43m [49m[43mv[49m[43m [49m[38;5;28;43;01mfor[39;49;00m[43m [49m[43mk[49m[43m,[49m[43m [49m[43mv[49m[43m [49m[38;5;129;43;01min[39;49;00m[43m [49m[43mkwargs[49m[38;5;241;43m.[39;49m[43mitems[49m[43m([49m[43m)[49m[43m [49m[38;5;28;43;01mif[39;49;00m[43m [49m[43mk[49m[43m [49m[38;5;129;43;01mnot[39;49;00m[43m [49m[38;5;129;43;01min[39;49;00m[43m [49m[43mskip[49m[43m}[49m[43m)[49m)
[1;32m   2206[0m [38;5;28;01melse[39;00m:  [38;5;66;03m# Let third-parties do as they see fit.[39;00m
[1;32m   2207[0m     print_method [38;5;241m=[39m meth

File [0;32m/opt/hostedtoolcache/Python/3.8.15/x64/lib/python3.8/site-packages/matplotlib/_api/deprecation.py:410[0m, in [0;36mdelete_parameter.<locals>.wrapper[0;34m(*inner_args, **inner_kwargs)[0m
[1;32m    400[0m     deprecation_addendum [38;5;241m=[39m (
[1;32m    401[0m         [38;5;124mf[39m[38;5;124m"[39m[38;5;124mIf any parameter follows [39m[38;5;132;01m{[39;00mname[38;5;132;01m!r}[39;00m[38;5;124m, they should be passed as [39m[38;5;124m"[39m
[1;32m    402[0m         [38;5;124mf[39m[38;5;124m"[39m[38;5;124mkeyword, not positionally.[39m[38;5;124m"[39m)
[1;32m    403[0m     warn_deprecated(
[1;32m    404[0m         since,
[1;32m    405[0m         name[38;5;241m=[39m[38;5;28mrepr[39m(name),
[0;32m   (...)[0m
[1;32m    408[0m                  [38;5;28;01melse[39;00m deprecation_addendum,
[1;32m    409[0m         [38;5;241m*[39m[38;5;241m*[39mkwargs)
[0;32m--> 410[0m [38;5;28;01mreturn[39;00m [43mfunc[49m[43m([49m[38;5;241;43m*[39;49m[43minner_args[49m[43m,[49m[43m [49m[38;5;241;43m*[39;49m[38;5;241;43m*[39;49m[43minner_kwargs[49m[43m)[49m

File [0;32m/opt/hostedtoolcache/Python/3.8.15/x64/lib/python3.8/site-packages/matplotlib/backends/backend_agg.py:517[0m, in [0;36mFigureCanvasAgg.print_png[0;34m(self, filename_or_obj, metadata, pil_kwargs, *args)[0m
[1;32m    468[0m [38;5;129m@_api[39m[38;5;241m.[39mdelete_parameter([38;5;124m"[39m[38;5;124m3.5[39m[38;5;124m"[39m, [38;5;124m"[39m[38;5;124margs[39m[38;5;124m"[39m)
[1;32m    469[0m [38;5;28;01mdef[39;00m [38;5;21mprint_png[39m([38;5;28mself[39m, filename_or_obj, [38;5;241m*[39margs,
[1;32m    470[0m               metadata[38;5;241m=[39m[38;5;28;01mNone[39;00m, pil_kwargs[38;5;241m=[39m[38;5;28;01mNone[39;00m):
[1;32m    471[0m     [38;5;124;03m"""[39;00m
[1;32m    472[0m [38;5;124;03m    Write the figure to a PNG file.[39;00m
[1;32m    473[0m 
[0;32m   (...)[0m
[1;32m    515[0m [38;5;124;03m        *metadata*, including the default 'Software' key.[39;00m
[1;32m    516[0m [38;5;124;03m    """[39;00m
[0;32m--> 517[0m     [38;5;28;43mself[39;49m[38;5;241;43m.[39;49m[43m_print_pil[49m[43m([49m[43mfilename_or_obj[49m[43m,[49m[43m [49m[38;5;124;43m"[39;49m[38;5;124;43mpng[39;49m[38;5;124;43m"[39;49m[43m,[49m[43m [49m[43mpil_kwargs[49m[43m,[49m[43m [49m[43mmetadata[49m[43m)[49m

File [0;32m/opt/hostedtoolcache/Python/3.8.15/x64/lib/python3.8/site-packages/matplotlib/backends/backend_agg.py:463[0m, in [0;36mFigureCanvasAgg._print_pil[0;34m(self, filename_or_obj, fmt, pil_kwargs, metadata)[0m
[1;32m    458[0m [38;5;28;01mdef[39;00m [38;5;21m_print_pil[39m([38;5;28mself[39m, filename_or_obj, fmt, pil_kwargs, metadata[38;5;241m=[39m[38;5;28;01mNone[39;00m):
[1;32m    459[0m     [38;5;124;03m"""[39;00m
[1;32m    460[0m [38;5;124;03m    Draw the canvas, then save it using `.image.imsave` (to which[39;00m
[1;32m    461[0m [38;5;124;03m    *pil_kwargs* and *metadata* are forwarded).[39;00m
[1;32m    462[0m [38;5;124;03m    """[39;00m
[0;32m--> 463[0m     [43mFigureCanvasAgg[49m[38;5;241;43m.[39;49m[43mdraw[49m[43m([49m[38;5;28;43mself[39;49m[43m)[49m
[1;32m    464[0m     mpl[38;5;241m.[39mimage[38;5;241m.[39mimsave(
[1;32m    465[0m         filename_or_obj, [38;5;28mself[39m[38;5;241m.[39mbuffer_rgba(), [38;5;28mformat[39m[38;5;241m=[39mfmt, origin[38;5;241m=[39m[38;5;124m"[39m[38;5;124mupper[39m[38;5;124m"[39m,
[1;32m    466[0m         dpi[38;5;241m=[39m[38;5;28mself[39m[38;5;241m.[39mfigure[38;5;241m.[39mdpi, metadata[38;5;241m=[39mmetadata, pil_kwargs[38;5;241m=[39mpil_kwargs)

File [0;32m/opt/hostedtoolcache/Python/3.8.15/x64/lib/python3.8/site-packages/matplotlib/backends/backend_agg.py:405[0m, in [0;36mFigureCanvasAgg.draw[0;34m(self)[0m
[1;32m    401[0m [38;5;66;03m# Acquire a lock on the shared font cache.[39;00m
[1;32m    402[0m [38;5;28;01mwith[39;00m RendererAgg[38;5;241m.[39mlock, \
[1;32m    403[0m      ([38;5;28mself[39m[38;5;241m.[39mtoolbar[38;5;241m.[39m_wait_cursor_for_draw_cm() [38;5;28;01mif[39;00m [38;5;28mself[39m[38;5;241m.[39mtoolbar
[1;32m    404[0m       [38;5;28;01melse[39;00m nullcontext()):
[0;32m--> 405[0m     [38;5;28;43mself[39;49m[38;5;241;43m.[39;49m[43mfigure[49m[38;5;241;43m.[39;49m[43mdraw[49m[43m([49m[38;5;28;43mself[39;49m[38;5;241;43m.[39;49m[43mrenderer[49m[43m)[49m
[1;32m    406[0m     [38;5;66;03m# A GUI class may be need to update a window using this draw, so[39;00m
[1;32m    407[0m     [38;5;66;03m# don't forget to call the superclass.[39;00m
[1;32m    408[0m     [38;5;28msuper[39m()[38;5;241m.[39mdraw()

File [0;32m/opt/hostedtoolcache/Python/3.8.15/x64/lib/python3.8/site-packages/matplotlib/artist.py:74[0m, in [0;36m_finalize_rasterization.<locals>.draw_wrapper[0;34m(artist, renderer, *args, **kwargs)[0m
[1;32m     72[0m [38;5;129m@wraps[39m(draw)
[1;32m     73[0m [38;5;28;01mdef[39;00m [38;5;21mdraw_wrapper[39m(artist, renderer, [38;5;241m*[39margs, [38;5;241m*[39m[38;5;241m*[39mkwargs):
[0;32m---> 74[0m     result [38;5;241m=[39m [43mdraw[49m[43m([49m[43martist[49m[43m,[49m[43m [49m[43mrenderer[49m[43m,[49m[43m [49m[38;5;241;43m*[39;49m[43margs[49m[43m,[49m[43m [49m[38;5;241;43m*[39;49m[38;5;241;43m*[39;49m[43mkwargs[49m[43m)[49m
[1;32m     75[0m     [38;5;28;01mif[39;00m renderer[38;5;241m.[39m_rasterizing:
[1;32m     76[0m         renderer[38;5;241m.[39mstop_rasterizing()

File [0;32m/opt/hostedtoolcache/Python/3.8.15/x64/lib/python3.8/site-packages/matplotlib/artist.py:51[0m, in [0;36mallow_rasterization.<locals>.draw_wrapper[0;34m(artist, renderer)[0m
[1;32m     48[0m     [38;5;28;01mif[39;00m artist[38;5;241m.[39mget_agg_filter() [38;5;129;01mis[39;00m [38;5;129;01mnot[39;00m [38;5;28;01mNone[39;00m:
[1;32m     49[0m         renderer[38;5;241m.[39mstart_filter()
[0;32m---> 51[0m     [38;5;28;01mreturn[39;00m [43mdraw[49m[43m([49m[43martist[49m[43m,[49m[43m [49m[43mrenderer[49m[43m)[49m
[1;32m     52[0m [38;5;28;01mfinally[39;00m:
[1;32m     53[0m     [38;5;28;01mif[39;00m artist[38;5;241m.[39mget_agg_filter() [38;5;129;01mis[39;00m [38;5;129;01mnot[39;00m [38;5;28;01mNone[39;00m:

File [0;32m/opt/hostedtoolcache/Python/3.8.15/x64/lib/python3.8/site-packages/matplotlib/figure.py:3071[0m, in [0;36mFigure.draw[0;34m(self, renderer)[0m
[1;32m   3068[0m         [38;5;66;03m# ValueError can occur when resizing a window.[39;00m
[1;32m   3070[0m [38;5;28mself[39m[38;5;241m.[39mpatch[38;5;241m.[39mdraw(renderer)
[0;32m-> 3071[0m [43mmimage[49m[38;5;241;43m.[39;49m[43m_draw_list_compositing_images[49m[43m([49m
[1;32m   3072[0m [43m    [49m[43mrenderer[49m[43m,[49m[43m [49m[38;5;28;43mself[39;49m[43m,[49m[43m [49m[43martists[49m[43m,[49m[43m [49m[38;5;28;43mself[39;49m[38;5;241;43m.[39;49m[43msuppressComposite[49m[43m)[49m
[1;32m   3074[0m [38;5;28;01mfor[39;00m sfig [38;5;129;01min[39;00m [38;5;28mself[39m[38;5;241m.[39msubfigs:
[1;32m   3075[0m     sfig[38;5;241m.[39mdraw(renderer)

File [0;32m/opt/hostedtoolcache/Python/3.8.15/x64/lib/python3.8/site-packages/matplotlib/image.py:131[0m, in [0;36m_draw_list_compositing_images[0;34m(renderer, parent, artists, suppress_composite)[0m
[1;32m    129[0m [38;5;28;01mif[39;00m not_composite [38;5;129;01mor[39;00m [38;5;129;01mnot[39;00m has_images:
[1;32m    130[0m     [38;5;28;01mfor[39;00m a [38;5;129;01min[39;00m artists:
[0;32m--> 131[0m         [43ma[49m[38;5;241;43m.[39;49m[43mdraw[49m[43m([49m[43mrenderer[49m[43m)[49m
[1;32m    132[0m [38;5;28;01melse[39;00m:
[1;32m    133[0m     [38;5;66;03m# Composite any adjacent images together[39;00m
[1;32m    134[0m     image_group [38;5;241m=[39m []

File [0;32m/opt/hostedtoolcache/Python/3.8.15/x64/lib/python3.8/site-packages/matplotlib/artist.py:51[0m, in [0;36mallow_rasterization.<locals>.draw_wrapper[0;34m(artist, renderer)[0m
[1;32m     48[0m     [38;5;28;01mif[39;00m artist[38;5;241m.[39mget_agg_filter() [38;5;129;01mis[39;00m [38;5;129;01mnot[39;00m [38;5;28;01mNone[39;00m:
[1;32m     49[0m         renderer[38;5;241m.[39mstart_filter()
[0;32m---> 51[0m     [38;5;28;01mreturn[39;00m [43mdraw[49m[43m([49m[43martist[49m[43m,[49m[43m [49m[43mrenderer[49m[43m)[49m
[1;32m     52[0m [38;5;28;01mfinally[39;00m:
[1;32m     53[0m     [38;5;28;01mif[39;00m artist[38;5;241m.[39mget_agg_filter() [38;5;129;01mis[39;00m [38;5;129;01mnot[39;00m [38;5;28;01mNone[39;00m:

File [0;32m/opt/hostedtoolcache/Python/3.8.15/x64/lib/python3.8/site-packages/matplotlib/axes/_base.py:3107[0m, in [0;36m_AxesBase.draw[0;34m(self, renderer)[0m
[1;32m   3104[0m         a[38;5;241m.[39mdraw(renderer)
[1;32m   3105[0m     renderer[38;5;241m.[39mstop_rasterizing()
[0;32m-> 3107[0m [43mmimage[49m[38;5;241;43m.[39;49m[43m_draw_list_compositing_images[49m[43m([49m
[1;32m   3108[0m [43m    [49m[43mrenderer[49m[43m,[49m[43m [49m[38;5;28;43mself[39;49m[43m,[49m[43m [49m[43martists[49m[43m,[49m[43m [49m[38;5;28;43mself[39;49m[38;5;241;43m.[39;49m[43mfigure[49m[38;5;241;43m.[39;49m[43msuppressComposite[49m[43m)[49m
[1;32m   3110[0m renderer[38;5;241m.[39mclose_group([38;5;124m'[39m[38;5;124maxes[39m[38;5;124m'[39m)
[1;32m   3111[0m [38;5;28mself[39m[38;5;241m.[39mstale [38;5;241m=[39m [38;5;28;01mFalse[39;00m

File [0;32m/opt/hostedtoolcache/Python/3.8.15/x64/lib/python3.8/site-packages/matplotlib/image.py:131[0m, in [0;36m_draw_list_compositing_images[0;34m(renderer, parent, artists, suppress_composite)[0m
[1;32m    129[0m [38;5;28;01mif[39;00m not_composite [38;5;129;01mor[39;00m [38;5;129;01mnot[39;00m has_images:
[1;32m    130[0m     [38;5;28;01mfor[39;00m a [38;5;129;01min[39;00m artists:
[0;32m--> 131[0m         [43ma[49m[38;5;241;43m.[39;49m[43mdraw[49m[43m([49m[43mrenderer[49m[43m)[49m
[1;32m    132[0m [38;5;28;01melse[39;00m:
[1;32m    133[0m     [38;5;66;03m# Composite any adjacent images together[39;00m
[1;32m    134[0m     image_group [38;5;241m=[39m []

File [0;32m/opt/hostedtoolcache/Python/3.8.15/x64/lib/python3.8/site-packages/matplotlib/artist.py:51[0m, in [0;36mallow_rasterization.<locals>.draw_wrapper[0;34m(artist, renderer)[0m
[1;32m     48[0m     [38;5;28;01mif[39;00m artist[38;5;241m.[39mget_agg_filter() [38;5;129;01mis[39;00m [38;5;129;01mnot[39;00m [38;5;28;01mNone[39;00m:
[1;32m     49[0m         renderer[38;5;241m.[39mstart_filter()
[0;32m---> 51[0m     [38;5;28;01mreturn[39;00m [43mdraw[49m[43m([49m[43martist[49m[43m,[49m[43m [49m[43mrenderer[49m[43m)[49m
[1;32m     52[0m [38;5;28;01mfinally[39;00m:
[1;32m     53[0m     [38;5;28;01mif[39;00m artist[38;5;241m.[39mget_agg_filter() [38;5;129;01mis[39;00m [38;5;129;01mnot[39;00m [38;5;28;01mNone[39;00m:

File [0;32m/opt/hostedtoolcache/Python/3.8.15/x64/lib/python3.8/site-packages/matplotlib/axis.py:1308[0m, in [0;36mAxis.draw[0;34m(self, renderer, *args, **kwargs)[0m
[1;32m   1305[0m tlb1, tlb2 [38;5;241m=[39m [38;5;28mself[39m[38;5;241m.[39m_get_ticklabel_bboxes(ticks_to_draw, renderer)
[1;32m   1307[0m [38;5;28;01mfor[39;00m tick [38;5;129;01min[39;00m ticks_to_draw:
[0;32m-> 1308[0m     [43mtick[49m[38;5;241;43m.[39;49m[43mdraw[49m[43m([49m[43mrenderer[49m[43m)[49m
[1;32m   1310[0m [38;5;66;03m# Scale up the axis label box to also find the neighbors, not just the[39;00m
[1;32m   1311[0m [38;5;66;03m# tick labels that actually overlap.  We need a *copy* of the axis[39;00m
[1;32m   1312[0m [38;5;66;03m# label box because we don't want to scale the actual bbox.[39;00m
[1;32m   1314[0m [38;5;28mself[39m[38;5;241m.[39m_update_label_position(renderer)

File [0;32m/opt/hostedtoolcache/Python/3.8.15/x64/lib/python3.8/site-packages/matplotlib/artist.py:51[0m, in [0;36mallow_rasterization.<locals>.draw_wrapper[0;34m(artist, renderer)[0m
[1;32m     48[0m     [38;5;28;01mif[39;00m artist[38;5;241m.[39mget_agg_filter() [38;5;129;01mis[39;00m [38;5;129;01mnot[39;00m [38;5;28;01mNone[39;00m:
[1;32m     49[0m         renderer[38;5;241m.[39mstart_filter()
[0;32m---> 51[0m     [38;5;28;01mreturn[39;00m [43mdraw[49m[43m([49m[43martist[49m[43m,[49m[43m [49m[43mrenderer[49m[43m)[49m
[1;32m     52[0m [38;5;28;01mfinally[39;00m:
[1;32m     53[0m     [38;5;28;01mif[39;00m artist[38;5;241m.[39mget_agg_filter() [38;5;129;01mis[39;00m [38;5;129;01mnot[39;00m [38;5;28;01mNone[39;00m:

File [0;32m/opt/hostedtoolcache/Python/3.8.15/x64/lib/python3.8/site-packages/matplotlib/axis.py:306[0m, in [0;36mTick.draw[0;34m(self, renderer)[0m
[1;32m    303[0m renderer[38;5;241m.[39mopen_group([38;5;28mself[39m[38;5;241m.[39m[38;5;18m__name__[39m, gid[38;5;241m=[39m[38;5;28mself[39m[38;5;241m.[39mget_gid())
[1;32m    304[0m [38;5;28;01mfor[39;00m artist [38;5;129;01min[39;00m [[38;5;28mself[39m[38;5;241m.[39mgridline, [38;5;28mself[39m[38;5;241m.[39mtick1line, [38;5;28mself[39m[38;5;241m.[39mtick2line,
[1;32m    305[0m                [38;5;28mself[39m[38;5;241m.[39mlabel1, [38;5;28mself[39m[38;5;241m.[39mlabel2]:
[0;32m--> 306[0m     [43martist[49m[38;5;241;43m.[39;49m[43mdraw[49m[43m([49m[43mrenderer[49m[43m)[49m
[1;32m    307[0m renderer[38;5;241m.[39mclose_group([38;5;28mself[39m[38;5;241m.[39m[38;5;18m__name__[39m)
[1;32m    308[0m [38;5;28mself[39m[38;5;241m.[39mstale [38;5;241m=[39m [38;5;28;01mFalse[39;00m

File [0;32m/opt/hostedtoolcache/Python/3.8.15/x64/lib/python3.8/site-packages/matplotlib/artist.py:51[0m, in [0;36mallow_rasterization.<locals>.draw_wrapper[0;34m(artist, renderer)[0m
[1;32m     48[0m     [38;5;28;01mif[39;00m artist[38;5;241m.[39mget_agg_filter() [38;5;129;01mis[39;00m [38;5;129;01mnot[39;00m [38;5;28;01mNone[39;00m:
[1;32m     49[0m         renderer[38;5;241m.[39mstart_filter()
[0;32m---> 51[0m     [38;5;28;01mreturn[39;00m [43mdraw[49m[43m([49m[43martist[49m[43m,[49m[43m [49m[43mrenderer[49m[43m)[49m
[1;32m     52[0m [38;5;28;01mfinally[39;00m:
[1;32m     53[0m     [38;5;28;01mif[39;00m artist[38;5;241m.[39mget_agg_filter() [38;5;129;01mis[39;00m [38;5;129;01mnot[39;00m [38;5;28;01mNone[39;00m:

File [0;32m/opt/hostedtoolcache/Python/3.8.15/x64/lib/python3.8/site-packages/matplotlib/text.py:731[0m, in [0;36mText.draw[0;34m(self, renderer)[0m
[1;32m    728[0m     textrenderer [38;5;241m=[39m renderer
[1;32m    730[0m [38;5;28;01mif[39;00m [38;5;28mself[39m[38;5;241m.[39mget_usetex():
[0;32m--> 731[0m     [43mtextrenderer[49m[38;5;241;43m.[39;49m[43mdraw_tex[49m[43m([49m[43mgc[49m[43m,[49m[43m [49m[43mx[49m[43m,[49m[43m [49m[43my[49m[43m,[49m[43m [49m[43mclean_line[49m[43m,[49m
[1;32m    732[0m [43m                          [49m[38;5;28;43mself[39;49m[38;5;241;43m.[39;49m[43m_fontproperties[49m[43m,[49m[43m [49m[43mangle[49m[43m,[49m
[1;32m    733[0m [43m                          [49m[43mmtext[49m[38;5;241;43m=[39;49m[43mmtext[49m[43m)[49m
[1;32m    734[0m [38;5;28;01melse[39;00m:
[1;32m    735[0m     textrenderer[38;5;241m.[39mdraw_text(gc, x, y, clean_line,
[1;32m    736[0m                            [38;5;28mself[39m[38;5;241m.[39m_fontproperties, angle,
[1;32m    737[0m                            ismath[38;5;241m=[39mismath, mtext[38;5;241m=[39mmtext)

File [0;32m/opt/hostedtoolcache/Python/3.8.15/x64/lib/python3.8/site-packages/matplotlib/backends/backend_agg.py:254[0m, in [0;36mRendererAgg.draw_tex[0;34m(self, gc, x, y, s, prop, angle, mtext)[0m
[1;32m    250[0m size [38;5;241m=[39m prop[38;5;241m.[39mget_size_in_points()
[1;32m    252[0m texmanager [38;5;241m=[39m [38;5;28mself[39m[38;5;241m.[39mget_texmanager()
[0;32m--> 254[0m Z [38;5;241m=[39m [43mtexmanager[49m[38;5;241;43m.[39;49m[43mget_grey[49m[43m([49m[43ms[49m[43m,[49m[43m [49m[43msize[49m[43m,[49m[43m [49m[38;5;28;43mself[39;49m[38;5;241;43m.[39;49m[43mdpi[49m[43m)[49m
[1;32m    255[0m Z [38;5;241m=[39m np[38;5;241m.[39marray(Z [38;5;241m*[39m [38;5;241m255.0[39m, np[38;5;241m.[39muint8)
[1;32m    257[0m w, h, d [38;5;241m=[39m [38;5;28mself[39m[38;5;241m.[39mget_text_width_height_descent(s, prop, ismath[38;5;241m=[39m[38;5;124m"[39m[38;5;124mTeX[39m[38;5;124m"[39m)

File [0;32m/opt/hostedtoolcache/Python/3.8.15/x64/lib/python3.8/site-packages/matplotlib/texmanager.py:335[0m, in [0;36mTexManager.get_grey[0;34m(cls, tex, fontsize, dpi)[0m
[1;32m    333[0m alpha [38;5;241m=[39m [38;5;28mcls[39m[38;5;241m.[39m_grey_arrayd[38;5;241m.[39mget(key)
[1;32m    334[0m [38;5;28;01mif[39;00m alpha [38;5;129;01mis[39;00m [38;5;28;01mNone[39;00m:
[0;32m--> 335[0m     pngfile [38;5;241m=[39m [38;5;28;43mcls[39;49m[38;5;241;43m.[39;49m[43mmake_png[49m[43m([49m[43mtex[49m[43m,[49m[43m [49m[43mfontsize[49m[43m,[49m[43m [49m[43mdpi[49m[43m)[49m
[1;32m    336[0m     rgba [38;5;241m=[39m mpl[38;5;241m.[39mimage[38;5;241m.[39mimread(os[38;5;241m.[39mpath[38;5;241m.[39mjoin([38;5;28mcls[39m[38;5;241m.[39mtexcache, pngfile))
[1;32m    337[0m     [38;5;28mcls[39m[38;5;241m.[39m_grey_arrayd[key] [38;5;241m=[39m alpha [38;5;241m=[39m rgba[:, :, [38;5;241m-[39m[38;5;241m1[39m]

File [0;32m/opt/hostedtoolcache/Python/3.8.15/x64/lib/python3.8/site-packages/matplotlib/texmanager.py:322[0m, in [0;36mTexManager.make_png[0;34m(cls, tex, fontsize, dpi)[0m
[1;32m    319[0m     [38;5;28;01mif[39;00m ([38;5;28mgetattr[39m(mpl, [38;5;124m"[39m[38;5;124m_called_from_pytest[39m[38;5;124m"[39m, [38;5;28;01mFalse[39;00m) [38;5;129;01mand[39;00m
[1;32m    320[0m             mpl[38;5;241m.[39m_get_executable_info([38;5;124m"[39m[38;5;124mdvipng[39m[38;5;124m"[39m)[38;5;241m.[39mraw_version [38;5;241m!=[39m [38;5;124m"[39m[38;5;124m1.16[39m[38;5;124m"[39m):
[1;32m    321[0m         cmd[38;5;241m.[39minsert([38;5;241m1[39m, [38;5;124m"[39m[38;5;124m--freetype0[39m[38;5;124m"[39m)
[0;32m--> 322[0m     [38;5;28;43mcls[39;49m[38;5;241;43m.[39;49m[43m_run_checked_subprocess[49m[43m([49m[43mcmd[49m[43m,[49m[43m [49m[43mtex[49m[43m)[49m
[1;32m    323[0m [38;5;28;01mreturn[39;00m pngfile

File [0;32m/opt/hostedtoolcache/Python/3.8.15/x64/lib/python3.8/site-packages/matplotlib/texmanager.py:257[0m, in [0;36mTexManager._run_checked_subprocess[0;34m(cls, command, tex, cwd)[0m
[1;32m    253[0m     report [38;5;241m=[39m subprocess[38;5;241m.[39mcheck_output(
[1;32m    254[0m         command, cwd[38;5;241m=[39mcwd [38;5;28;01mif[39;00m cwd [38;5;129;01mis[39;00m [38;5;129;01mnot[39;00m [38;5;28;01mNone[39;00m [38;5;28;01melse[39;00m [38;5;28mcls[39m[38;5;241m.[39mtexcache,
[1;32m    255[0m         stderr[38;5;241m=[39msubprocess[38;5;241m.[39mSTDOUT)
[1;32m    256[0m [38;5;28;01mexcept[39;00m [38;5;167;01mFileNotFoundError[39;00m [38;5;28;01mas[39;00m exc:
[0;32m--> 257[0m     [38;5;28;01mraise[39;00m [38;5;167;01mRuntimeError[39;00m(
[1;32m    258[0m         [38;5;124m'[39m[38;5;124mFailed to process string with tex because [39m[38;5;132;01m{}[39;00m[38;5;124m could not be [39m[38;5;124m'[39m
[1;32m    259[0m         [38;5;124m'[39m[38;5;124mfound[39m[38;5;124m'[39m[38;5;241m.[39mformat(command[[38;5;241m0[39m])) [38;5;28;01mfrom[39;00m [38;5;21;01mexc[39;00m
[1;32m    260[0m [38;5;28;01mexcept[39;00m subprocess[38;5;241m.[39mCalledProcessError [38;5;28;01mas[39;00m exc:
[1;32m    261[0m     [38;5;28;01mraise[39;00m [38;5;167;01mRuntimeError[39;00m(
[1;32m    262[0m         [38;5;124m'[39m[38;5;132;01m{prog}[39;00m[38;5;124m was not able to process the following string:[39m[38;5;130;01m\n[39;00m[38;5;124m'[39m
[1;32m    263[0m         [38;5;124m'[39m[38;5;132;01m{tex!r}[39;00m[38;5;130;01m\n[39;00m[38;5;130;01m\n[39;00m[38;5;124m'[39m
[0;32m   (...)[0m
[1;32m    270[0m             exc[38;5;241m=[39mexc[38;5;241m.[39moutput[38;5;241m.[39mdecode([38;5;124m'[39m[38;5;124mutf-8[39m[38;5;124m'[39m, [38;5;124m'[39m[38;5;124mbackslashreplace[39m[38;5;124m'[39m))
[1;32m    271[0m         ) [38;5;28;01mfrom[39;00m [38;5;28mNone[39m

[0;31mRuntimeError[0m: Failed to process string with tex because dvipng could not be found
RuntimeError: Failed to process string with tex because dvipng could not be found

